#
# A fatal error has been detected by the Java Runtime Environment:
#
#  EXCEPTION_ACCESS_VIOLATION (0xc0000005) at pc=0x6d94a16b, pid=5716, tid=5788
#
# JRE version: 6.0_29-b11
# Java VM: Java HotSpot(TM) Client VM (20.4-b02 mixed mode windows-x86 )
# Problematic frame:
# V  [jvm.dll+0xaa16b]
#
# If you would like to submit a bug report, please visit:
#   http://java.sun.com/webapps/bugreport/crash.jsp
#

---------------  T H R E A D  ---------------

Current thread (0x0254b400):  JavaThread "JDWP Transport Listener: dt_socket" daemon [_thread_in_vm, id=5788, stack(0x18a90000,0x18ae0000)]

siginfo: ExceptionCode=0xc0000005, reading address 0x3b003b72

Registers:
EAX=0x3b003b72, EBX=0x00000000, ECX=0x000071ee, EDX=0x00000000
ESP=0x18adfb94, EBP=0x18adfb98, ESI=0x0254b400, EDI=0x0248e2a8
EIP=0x6d94a16b, EFLAGS=0x00010206

Top of Stack: (sp=0x18adfb94)
0x18adfb94:   0254b400 18adfbc0 6da38232 3b003b72
0x18adfba4:   18adfc44 18adfbfb 0254b400 00000000
0x18adfbb4:   00000000 00000000 0254b400 18adfbfc
0x18adfbc4:   6d439770 0248e2a8 3b003b72 18adfbfb
0x18adfbd4:   3b003b72 6d4242c9 3b003b72 18adfbfb
0x18adfbe4:   00000008 00000000 00000000 00000002
0x18adfbf4:   00000000 00adfc1c 18adfc1c 6d424434
0x18adfc04:   00000001 18adfc38 18adfdd4 6d442b02 

Instructions: (pc=0x6d94a16b)
0x6d94a14b:   4e 10 89 4f 0c 5f 5e 5d c2 0c 00 cc cc cc cc cc
0x6d94a15b:   cc cc cc cc cc 55 8b ec 8b 45 08 85 c0 56 74 25
0x6d94a16b:   8b 30 85 f6 74 1f 81 fe fe fe fe fe 74 17 8b 46
0x6d94a17b:   04 8d 48 08 8b 01 ff 90 90 00 00 00 84 c0 74 05 


Register to memory mapping:

EAX=0x3b003b72 is an unknown value
EBX=0x00000000 is an unknown value
ECX=0x000071ee is an unknown value
EDX=0x00000000 is an unknown value
ESP=0x18adfb94 is pointing into the stack for thread: 0x0254b400
EBP=0x18adfb98 is pointing into the stack for thread: 0x0254b400
ESI=0x0254b400 is a thread
EDI=0x0248e2a8 is an unknown value


Stack: [0x18a90000,0x18ae0000],  sp=0x18adfb94,  free space=318k
Native frames: (J=compiled Java code, j=interpreted, Vv=VM code, C=native code)
V  [jvm.dll+0xaa16b]
V  [jvm.dll+0x198232]
C  [jdwp.dll+0x19770]  Agent_OnLoad+0xe6e5
C  [jdwp.dll+0x4434]
C  [jdwp.dll+0x4472]
C  [jdwp.dll+0x17d55]  Agent_OnLoad+0xccca
V  [jvm.dll+0x140fec]
C  [msvcr71.dll+0x9565]  endthreadex+0xa0
C  [kernel32.dll+0x1339a]  BaseThreadInitThunk+0x12
C  [ntdll.dll+0x39ef2]  RtlInitializeExceptionChain+0x63
C  [ntdll.dll+0x39ec5]  RtlInitializeExceptionChain+0x36


---------------  P R O C E S S  ---------------

Java Threads: ( => current thread )
  0x02563800 JavaThread "Low Memory Detector" daemon [_thread_blocked, id=5820, stack(0x18d00000,0x18d50000)]
  0x02560c00 JavaThread "C1 CompilerThread0" daemon [_thread_blocked, id=5816, stack(0x18c70000,0x18cc0000)]
  0x0254e800 JavaThread "JDWP Command Reader" daemon [_thread_in_native, id=5804, stack(0x18be0000,0x18c30000)]
  0x0254d400 JavaThread "JDWP Event Helper Thread" daemon [_thread_blocked, id=5800, stack(0x18b20000,0x18b70000)]
=>0x0254b400 JavaThread "JDWP Transport Listener: dt_socket" daemon [_thread_in_vm, id=5788, stack(0x18a90000,0x18ae0000)]
  0x0253f400 JavaThread "Attach Listener" daemon [_thread_blocked, id=5772, stack(0x18880000,0x188d0000)]
  0x0253c400 JavaThread "Signal Dispatcher" daemon [_thread_blocked, id=5768, stack(0x187f0000,0x18840000)]
  0x02510000 JavaThread "Finalizer" daemon [_thread_blocked, id=5764, stack(0x18760000,0x187b0000)]
  0x0250b800 JavaThread "Reference Handler" daemon [_thread_blocked, id=5760, stack(0x186d0000,0x18720000)]
  0x0246c000 JavaThread "main" [_thread_blocked, id=5752, stack(0x003b0000,0x00400000)]

Other Threads:
  0x02506c00 VMThread [stack: 0x18640000,0x18690000] [id=5756]
  0x0256e800 WatcherThread [stack: 0x18dd0000,0x18e20000] [id=5824]

VM state:not at safepoint (normal execution)

VM Mutex/Monitor currently owned by a thread: None

Heap
 def new generation   total 4928K, used 1407K [0x04570000, 0x04ac0000, 0x09ac0000)
  eden space 4416K,  21% used [0x04570000, 0x0465f770, 0x049c0000)
  from space 512K,  87% used [0x04a40000, 0x04ab06b8, 0x04ac0000)
  to   space 512K,   0% used [0x049c0000, 0x049c0000, 0x04a40000)
 tenured generation   total 10944K, used 0K [0x09ac0000, 0x0a570000, 0x14570000)
   the space 10944K,   0% used [0x09ac0000, 0x09ac0000, 0x09ac0200, 0x0a570000)
 compacting perm gen  total 12288K, used 3254K [0x14570000, 0x15170000, 0x18570000)
   the space 12288K,  26% used [0x14570000, 0x1489db20, 0x1489dc00, 0x15170000)
No shared spaces configured.

Code Cache  [0x02570000, 0x02608000, 0x04570000)
 total_blobs=196 nmethods=74 adapters=66 free_code_cache=32959360 largest_free_block=0

Dynamic libraries:
0x00400000 - 0x00424000 	C:\Program Files (x86)\Java\jdk1.6.0_29\bin\javaw.exe
0x77700000 - 0x77880000 	C:\Windows\SysWOW64\ntdll.dll
0x76550000 - 0x76660000 	C:\Windows\syswow64\kernel32.dll
0x750d0000 - 0x75116000 	C:\Windows\syswow64\KERNELBASE.dll
0x75860000 - 0x75900000 	C:\Windows\syswow64\ADVAPI32.dll
0x75020000 - 0x750cc000 	C:\Windows\syswow64\msvcrt.dll
0x76e20000 - 0x76e39000 	C:\Windows\SysWOW64\sechost.dll
0x754f0000 - 0x755e0000 	C:\Windows\syswow64\RPCRT4.dll
0x74de0000 - 0x74e40000 	C:\Windows\syswow64\SspiCli.dll
0x74dd0000 - 0x74ddc000 	C:\Windows\syswow64\CRYPTBASE.dll
0x75370000 - 0x75470000 	C:\Windows\syswow64\USER32.dll
0x74f90000 - 0x75020000 	C:\Windows\syswow64\GDI32.dll
0x776d0000 - 0x776da000 	C:\Windows\syswow64\LPK.dll
0x76c40000 - 0x76cdd000 	C:\Windows\syswow64\USP10.dll
0x76ac0000 - 0x76b20000 	C:\Windows\system32\IMM32.DLL
0x76780000 - 0x7684c000 	C:\Windows\syswow64\MSCTF.dll
0x7c340000 - 0x7c396000 	C:\Program Files (x86)\Java\jdk1.6.0_29\jre\bin\msvcr71.dll
0x6d8a0000 - 0x6db4f000 	C:\Program Files (x86)\Java\jdk1.6.0_29\jre\bin\client\jvm.dll
0x735f0000 - 0x73622000 	C:\Windows\system32\WINMM.dll
0x70780000 - 0x707cc000 	C:\Windows\system32\apphelp.dll
0x6d850000 - 0x6d85c000 	C:\Program Files (x86)\Java\jdk1.6.0_29\jre\bin\verify.dll
0x6d3d0000 - 0x6d3ef000 	C:\Program Files (x86)\Java\jdk1.6.0_29\jre\bin\java.dll
0x6d420000 - 0x6d449000 	C:\Program Files (x86)\Java\jdk1.6.0_29\jre\bin\jdwp.dll
0x6d740000 - 0x6d746000 	C:\Program Files (x86)\Java\jdk1.6.0_29\jre\bin\npt.dll
0x6d890000 - 0x6d89f000 	C:\Program Files (x86)\Java\jdk1.6.0_29\jre\bin\zip.dll
0x6d2b0000 - 0x6d2b7000 	C:\Program Files (x86)\Java\jdk1.6.0_29\jre\bin\dt_socket.dll
0x75330000 - 0x75365000 	C:\Windows\syswow64\WS2_32.dll
0x75310000 - 0x75316000 	C:\Windows\syswow64\NSI.dll
0x65680000 - 0x65690000 	C:\Windows\system32\NLAapi.dll
0x65670000 - 0x65680000 	C:\Windows\system32\napinsp.dll
0x65650000 - 0x65662000 	C:\Windows\system32\pnrpnsp.dll
0x73240000 - 0x7327c000 	C:\Windows\System32\mswsock.dll
0x70db0000 - 0x70df4000 	C:\Windows\system32\DNSAPI.dll
0x65640000 - 0x65648000 	C:\Windows\System32\winrnr.dll
0x65610000 - 0x65631000 	C:\Program Files (x86)\Bonjour\mdnsNSP.dll
0x72ef0000 - 0x72f0c000 	C:\Windows\system32\Iphlpapi.DLL
0x72ee0000 - 0x72ee7000 	C:\Windows\system32\WINNSI.DLL
0x65550000 - 0x65588000 	C:\Windows\System32\fwpuclnt.dll
0x65040000 - 0x65046000 	C:\Windows\system32\rasadhlp.dll
0x73230000 - 0x73235000 	C:\Windows\System32\wshtcpip.dll
0x768e0000 - 0x768e5000 	C:\Windows\system32\PSAPI.DLL

VM Arguments:
jvm_args: -agentlib:jdwp=transport=dt_socket,suspend=y,address=localhost:52009 -Dfile.encoding=UTF-8 
java_command: org.opennaas.web.interceptors.LoginInterceptor
Launcher Type: SUN_STANDARD

Environment Variables:
JAVA_HOME=C:\Program Files (x86)\Java\jdk1.6.0_29
CLASSPATH=.;C:\Program Files (x86)\Java\jre7\lib\ext\QTJava.zip
PATH=C:\Program Files (x86)\Java\jdk1.6.0_29\jre\bin;C:\Windows\system32;C:\Windows;C:\Windows\System32\Wbem;C:\Windows\System32\WindowsPowerShell\v1.0\;C:\Program Files\TortoiseSVN\bin;C:\Program Files\TortoiseGit\bin;C:\Program Files (x86)\Java\jdk1.6.0_29\bin;C:\Program Files (x86)\apache-maven-3.0.4\bin;C:\Program Files (x86)\Git\cmd;C:\Program Files (x86)\QuickTime\QTSystem\
USERNAME=Jordi
OS=Windows_NT
PROCESSOR_IDENTIFIER=Intel64 Family 6 Model 37 Stepping 5, GenuineIntel



---------------  S Y S T E M  ---------------

OS: Windows 7 , 64 bit Build 7601 Service Pack 1

CPU:total 4 (2 cores per cpu, 2 threads per core) family 6 model 37 stepping 5, cmov, cx8, fxsr, mmx, sse, sse2, sse3, ssse3, sse4.1, sse4.2, popcnt, ht

Memory: 4k page, physical 3988072k(1149460k free), swap 7974292k(4785744k free)

vm_info: Java HotSpot(TM) Client VM (20.4-b02) for windows-x86 JRE (1.6.0_29-b11), built on Oct  3 2011 01:01:08 by "java_re" with MS VC++ 7.1 (VS2003)

time: Tue May 15 14:31:10 2012
elapsed time: 195 seconds

